# JRE version: Java(TM) SE Runtime Environment (18.0+36) (build 18+36-2087)
# Java VM: Java HotSpot(TM) 64-Bit Server VM (18+36-2087, mixed mode, sharing, tiered, compressed oops, compressed class ptrs, g1 gc, windows-amd64)
GC Precious Log:
 CardTable entry size: 512
 Card Set container configuration: InlinePtr #cards 4 size 8 Array Of Cards #cards 16 size 48 Howl #buckets 8 coarsen threshold 3686 Howl Bitmap #cards 512 size 80 coarsen threshold 460 Card regions per heap region 1 cards per card region 4096
 CPUs: 4 total, 4 available
 Memory: 16347M
 Large Page Support: Disabled
 NUMA Support: Disabled
 Compressed Oops: Enabled (Zero based)
 Heap Region Size: 2M
 Heap Min Capacity: 8M
 Heap Initial Capacity: 256M
 Heap Max Capacity: 4088M
 Pre-touch: Disabled
 Parallel Workers: 4
 Concurrent Workers: 1
 Concurrent Refinement Workers: 4
 Periodic GC: Disabled
Heap:
 garbage-first heap   total 262144K, used 56239K [0x0000000700800000, 0x0000000800000000)
  region size 2048K, 5 young (10240K), 2 survivors (4096K)
 Metaspace       used 9421K, committed 9664K, reserved 1114112K
  class space    used 646K, committed 768K, reserved 1048576K
GC Heap History (8 events):
Event: 0.721 GC heap before
{Heap before GC invocations=0 (full 0):
 garbage-first heap   total 262144K, used 10240K [0x0000000700800000, 0x0000000800000000)
  region size 2048K, 6 young (12288K), 0 survivors (0K)
 Metaspace       used 5025K, committed 5312K, reserved 1114112K
  class space    used 324K, committed 448K, reserved 1048576K
}
Event: 0.724 GC heap after
{Heap after GC invocations=1 (full 0):
 garbage-first heap   total 262144K, used 2779K [0x0000000700800000, 0x0000000800000000)
  region size 2048K, 1 young (2048K), 1 survivors (2048K)
 Metaspace       used 5025K, committed 5312K, reserved 1114112K
  class space    used 324K, committed 448K, reserved 1048576K
}
Event: 1.020 GC heap before
{Heap before GC invocations=1 (full 0):
 garbage-first heap   total 262144K, used 13019K [0x0000000700800000, 0x0000000800000000)
  region size 2048K, 7 young (14336K), 1 survivors (2048K)
 Metaspace       used 7921K, committed 8256K, reserved 1114112K
  class space    used 593K, committed 768K, reserved 1048576K
}
Event: 1.026 GC heap after
{Heap after GC invocations=2 (full 0):
 garbage-first heap   total 262144K, used 6724K [0x0000000700800000, 0x0000000800000000)
  region size 2048K, 1 young (2048K), 1 survivors (2048K)
 Metaspace       used 7921K, committed 8256K, reserved 1114112K
  class space    used 593K, committed 768K, reserved 1048576K
}
Event: 1.084 GC heap before
{Heap before GC invocations=2 (full 0):
 garbage-first heap   total 262144K, used 41540K [0x0000000700800000, 0x0000000800000000)
  region size 2048K, 11 young (22528K), 1 survivors (2048K)
 Metaspace       used 7963K, committed 8256K, reserved 1114112K
  class space    used 598K, committed 768K, reserved 1048576K
}
Event: 1.098 GC heap after
{Heap after GC invocations=3 (full 0):
 garbage-first heap   total 262144K, used 28958K [0x0000000700800000, 0x0000000800000000)
  region size 2048K, 2 young (4096K), 2 survivors (4096K)
 Metaspace       used 7963K, committed 8256K, reserved 1114112K
  class space    used 598K, committed 768K, reserved 1048576K
}
Event: 1.127 GC heap before
{Heap before GC invocations=3 (full 0):
 garbage-first heap   total 262144K, used 53534K [0x0000000700800000, 0x0000000800000000)
  region size 2048K, 11 young (22528K), 2 survivors (4096K)
 Metaspace       used 7967K, committed 8320K, reserved 1114112K
  class space    used 598K, committed 768K, reserved 1048576K
}
Event: 1.146 GC heap after
{Heap after GC invocations=4 (full 0):
 garbage-first heap   total 262144K, used 45999K [0x0000000700800000, 0x0000000800000000)
  region size 2048K, 2 young (4096K), 2 survivors (4096K)
 Metaspace       used 7967K, committed 8320K, reserved 1114112K
  class space    used 598K, committed 768K, reserved 1048576K
}

